::1 - - [09/Apr/2026 22:41:07] "GET /src/database/local_db_static.js HTTP/1.1" 304 -
::1 - - [09/Apr/2026 22:42:30] "GET / HTTP/1.1" 200 -
::1 - - [09/Apr/2026 22:42:30] "GET /src/database/local_db_static.js HTTP/1.1" 304 -
::1 - - [09/Apr/2026 22:46:46] "GET /src/database/local_db_static.js HTTP/1.1" 304 -
::1 - - [09/Apr/2026 22:54:07] "GET / HTTP/1.1" 304 -
::1 - - [09/Apr/2026 22:54:07] "GET /app.js HTTP/1.1" 200 -
::1 - - [09/Apr/2026 22:54:07] "GET /src/services/stockPriceService.js HTTP/1.1" 304 -
::1 - - [09/Apr/2026 22:54:07] "GET /src/services/portfolioEngine.js HTTP/1.1" 304 -
::1 - - [09/Apr/2026 22:54:07] "GET /config.js HTTP/1.1" 200 -
::1 - - [09/Apr/2026 22:54:07] "GET /src/database/sheetConnector.js HTTP/1.1" 200 -
::1 - - [09/Apr/2026 22:54:07] "GET /src/database/local_db_static.js HTTP/1.1" 304 -
::1 - - [09/Apr/2026 23:09:41] "GET / HTTP/1.1" 200 -
::1 - - [09/Apr/2026 23:09:41] "GET /styles.css HTTP/1.1" 304 -
::1 - - [09/Apr/2026 23:09:41] "GET /app.js HTTP/1.1" 200 -
::1 - - [09/Apr/2026 23:09:41] "GET /src/services/stockPriceService.js HTTP/1.1" 304 -
::1 - - [09/Apr/2026 23:09:41] "GET /config.js HTTP/1.1" 200 -
::1 - - [09/Apr/2026 23:09:41] "GET /src/database/sheetConnector.js HTTP/1.1" 200 -
::1 - - [09/Apr/2026 23:09:41] "GET /src/services/portfolioEngine.js HTTP/1.1" 304 -
::1 - - [09/Apr/2026 23:09:41] "GET /src/database/local_db_static.js HTTP/1.1" 304 -
::1 - - [09/Apr/2026 23:14:12] "GET / HTTP/1.1" 304 -
::1 - - [09/Apr/2026 23:14:12] "GET /app.js HTTP/1.1" 304 -
::1 - - [09/Apr/2026 23:14:12] "GET /config.js HTTP/1.1" 304 -
::1 - - [09/Apr/2026 23:14:12] "GET /src/database/sheetConnector.js HTTP/1.1" 304 -
::1 - - [09/Apr/2026 23:14:12] "GET /src/services/riskAnalytics.js HTTP/1.1" 304 -
::1 - - [09/Apr/2026 23:14:12] "GET /src/services/aiAdvisor.js HTTP/1.1" 304 -
::1 - - [09/Apr/2026 23:14:12] "GET /src/reports/reportGenerator.js HTTP/1.1" 304 -
::1 - - [09/Apr/2026 23:14:12] "GET /src/database/local_db_static.js HTTP/1.1" 304 -
::1 - - [09/Apr/2026 23:16:18] "GET / HTTP/1.1" 200 -
::1 - - [09/Apr/2026 23:16:18] "GET /src/services/aumCalculator.js HTTP/1.1" 304 -
::1 - - [09/Apr/2026 23:16:18] "GET /src/database/sheetConnector.js HTTP/1.1" 304 -
::1 - - [09/Apr/2026 23:16:18] "GET /src/services/complianceEngine.js HTTP/1.1" 304 -
::1 - - [09/Apr/2026 23:16:18] "GET /src/charts/allocationChart.js HTTP/1.1" 304 -
::1 - - [09/Apr/2026 23:16:18] "GET /src/charts/performanceChart.js HTTP/1.1" 304 -
::1 - - [09/Apr/2026 23:22:20] "GET / HTTP/1.1" 200 -
::1 - - [09/Apr/2026 23:22:20] "GET /app.js HTTP/1.1" 200 -
::1 - - [09/Apr/2026 23:22:20] "GET /config.js HTTP/1.1" 304 -
::1 - - [09/Apr/2026 23:22:20] "GET /src/database/sheetConnector.js HTTP/1.1" 200 -
::1 - - [09/Apr/2026 23:22:20] "GET /src/database/local_db_static.js HTTP/1.1" 304 -
::1 - - [09/Apr/2026 23:23:39] "GET / HTTP/1.1" 304 -
::1 - - [09/Apr/2026 23:23:39] "GET /app.js HTTP/1.1" 304 -
::1 - - [09/Apr/2026 23:23:39] "GET /src/database/sheetConnector.js HTTP/1.1" 304 -
::1 - - [09/Apr/2026 23:24:16] "GET / HTTP/1.1" 304 -
::1 - - [09/Apr/2026 23:24:16] "GET /app.js HTTP/1.1" 304 -
::1 - - [09/Apr/2026 23:24:16] "GET /src/database/sheetConnector.js HTTP/1.1" 304 -
::1 - - [09/Apr/2026 23:38:49] "GET / HTTP/1.1" 304 -
::1 - - [09/Apr/2026 23:38:49] "GET /app.js HTTP/1.1" 304 -
::1 - - [09/Apr/2026 23:38:49] "GET /config.js HTTP/1.1" 200 -
::1 - - [09/Apr/2026 23:38:49] "GET /src/database/sheetConnector.js HTTP/1.1" 200 -
::1 - - [09/Apr/2026 23:38:49] "GET /src/services/stockPriceService.js HTTP/1.1" 304 -
::1 - - [09/Apr/2026 23:38:49] "GET /src/services/portfolioEngine.js HTTP/1.1" 304 -
::1 - - [09/Apr/2026 23:38:49] "GET /src/database/local_db_static.js HTTP/1.1" 304 -
::1 - - [09/Apr/2026 23:38:53] "GET / HTTP/1.1" 304 -
::1 - - [09/Apr/2026 23:38:53] "GET /config.js HTTP/1.1" 304 -
::1 - - [09/Apr/2026 23:40:06] "GET / HTTP/1.1" 304 -
::1 - - [09/Apr/2026 23:40:06] "GET /config.js HTTP/1.1" 304 -
::1 - - [09/Apr/2026 23:40:06] "GET /src/database/sheetConnector.js HTTP/1.1" 304 -
::1 - - [09/Apr/2026 23:43:19] "GET / HTTP/1.1" 200 -
::1 - - [09/Apr/2026 23:43:19] "GET /app.js HTTP/1.1" 200 -
::1 - - [09/Apr/2026 23:43:19] "GET /config.js HTTP/1.1" 304 -
::1 - - [09/Apr/2026 23:43:19] "GET /src/database/sheetConnector.js HTTP/1.1" 200 -
::1 - - [09/Apr/2026 23:52:54] "GET / HTTP/1.1" 200 -
::1 - - [09/Apr/2026 23:52:54] "GET /styles.css HTTP/1.1" 200 -
::1 - - [09/Apr/2026 23:52:54] "GET /app.js HTTP/1.1" 200 -
::1 - - [09/Apr/2026 23:52:54] "GET /src/database/sheetConnector.js HTTP/1.1" 304 -
::1 - - [09/Apr/2026 23:52:54] "GET /config.js HTTP/1.1" 304 -
::1 - - [09/Apr/2026 23:52:54] "GET /src/database/local_db_static.js HTTP/1.1" 304 -
::1 - - [10/Apr/2026 00:10:35] "GET / HTTP/1.1" 304 -
::1 - - [10/Apr/2026 00:10:35] "GET /styles.css HTTP/1.1" 304 -
::1 - - [10/Apr/2026 00:10:35] "GET /app.js HTTP/1.1" 304 -
::1 - - [10/Apr/2026 00:10:35] "GET /config.js HTTP/1.1" 304 -
::1 - - [10/Apr/2026 00:10:35] "GET /src/services/portfolioEngine.js HTTP/1.1" 304 -
::1 - - [10/Apr/2026 00:10:35] "GET /src/services/stockPriceService.js HTTP/1.1" 304 -
::1 - - [10/Apr/2026 00:10:35] "GET /src/database/sheetConnector.js HTTP/1.1" 304 -
::1 - - [10/Apr/2026 00:10:35] "GET /src/services/aumCalculator.js HTTP/1.1" 304 -
::1 - - [10/Apr/2026 00:10:35] "GET /src/services/complianceEngine.js HTTP/1.1" 304 -
::1 - - [10/Apr/2026 00:10:35] "GET /src/services/aiAdvisor.js HTTP/1.1" 304 -
::1 - - [10/Apr/2026 00:10:35] "GET /src/services/riskAnalytics.js HTTP/1.1" 304 -
::1 - - [10/Apr/2026 00:10:35] "GET /src/charts/allocationChart.js HTTP/1.1" 304 -
::1 - - [10/Apr/2026 00:10:35] "GET /src/charts/performanceChart.js HTTP/1.1" 304 -
::1 - - [10/Apr/2026 00:10:35] "GET /src/reports/reportGenerator.js HTTP/1.1" 304 -
::1 - - [10/Apr/2026 00:10:35] "GET /src/database/local_db_static.js HTTP/1.1" 304 -
